Generated at 2018-10-17 10:21:35 +0000
NoMethodError: undefined method `tomcat8' for Chef::Resource::CookbookFile
/opt/chefdk/embedded/lib/ruby/gems/2.5.0/gems/chef-14.5.33/lib/chef/resource.rb:1303:in `method_missing'
/home/user/test-cookbook/chef-repo/local-mode-cache/cache/cookbooks/tomcat/recipes/default.rb:55:in `block in from_file'
/opt/chefdk/embedded/lib/ruby/gems/2.5.0/gems/chef-14.5.33/lib/chef/resource_builder.rb:66:in `instance_eval'
/opt/chefdk/embedded/lib/ruby/gems/2.5.0/gems/chef-14.5.33/lib/chef/resource_builder.rb:66:in `build'
/opt/chefdk/embedded/lib/ruby/gems/2.5.0/gems/chef-14.5.33/lib/chef/dsl/declare_resource.rb:314:in `build_resource'
/opt/chefdk/embedded/lib/ruby/gems/2.5.0/gems/chef-14.5.33/lib/chef/dsl/declare_resource.rb:271:in `declare_resource'
/opt/chefdk/embedded/lib/ruby/gems/2.5.0/gems/chef-14.5.33/lib/chef/dsl/resources.rb:38:in `cookbook_file'
/home/user/test-cookbook/chef-repo/local-mode-cache/cache/cookbooks/tomcat/recipes/default.rb:53:in `from_file'
/opt/chefdk/embedded/lib/ruby/gems/2.5.0/gems/chef-14.5.33/lib/chef/mixin/from_file.rb:34:in `instance_eval'
/opt/chefdk/embedded/lib/ruby/gems/2.5.0/gems/chef-14.5.33/lib/chef/mixin/from_file.rb:34:in `from_file'
/opt/chefdk/embedded/lib/ruby/gems/2.5.0/gems/chef-14.5.33/lib/chef/cookbook_version.rb:199:in `load_recipe'
/opt/chefdk/embedded/lib/ruby/gems/2.5.0/gems/chef-14.5.33/lib/chef/run_context.rb:350:in `load_recipe'
/opt/chefdk/embedded/lib/ruby/gems/2.5.0/gems/chef-14.5.33/lib/chef/run_context/cookbook_compiler.rb:166:in `block in compile_recipes'
/opt/chefdk/embedded/lib/ruby/gems/2.5.0/gems/chef-14.5.33/lib/chef/run_context/cookbook_compiler.rb:163:in `each'
/opt/chefdk/embedded/lib/ruby/gems/2.5.0/gems/chef-14.5.33/lib/chef/run_context/cookbook_compiler.rb:163:in `compile_recipes'
/opt/chefdk/embedded/lib/ruby/gems/2.5.0/gems/chef-14.5.33/lib/chef/run_context/cookbook_compiler.rb:79:in `compile'
/opt/chefdk/embedded/lib/ruby/gems/2.5.0/gems/chef-14.5.33/lib/chef/run_context.rb:199:in `load'
/opt/chefdk/embedded/lib/ruby/gems/2.5.0/gems/chef-14.5.33/lib/chef/policy_builder/expand_node_object.rb:97:in `setup_run_context'
/opt/chefdk/embedded/lib/ruby/gems/2.5.0/gems/chef-14.5.33/lib/chef/client.rb:515:in `setup_run_context'
/opt/chefdk/embedded/lib/ruby/gems/2.5.0/gems/chef-14.5.33/lib/chef/client.rb:281:in `run'
/opt/chefdk/embedded/lib/ruby/gems/2.5.0/gems/chef-14.5.33/lib/chef/application.rb:303:in `run_with_graceful_exit_option'
/opt/chefdk/embedded/lib/ruby/gems/2.5.0/gems/chef-14.5.33/lib/chef/application.rb:279:in `block in run_chef_client'
/opt/chefdk/embedded/lib/ruby/gems/2.5.0/gems/chef-14.5.33/lib/chef/local_mode.rb:44:in `with_server_connectivity'
/opt/chefdk/embedded/lib/ruby/gems/2.5.0/gems/chef-14.5.33/lib/chef/application.rb:261:in `run_chef_client'
/opt/chefdk/embedded/lib/ruby/gems/2.5.0/gems/chef-14.5.33/lib/chef/application/client.rb:440:in `run_application'
/opt/chefdk/embedded/lib/ruby/gems/2.5.0/gems/chef-14.5.33/lib/chef/application.rb:66:in `run'
/opt/chefdk/embedded/lib/ruby/gems/2.5.0/gems/chef-14.5.33/lib/chef/application/solo.rb:224:in `run'
/opt/chefdk/embedded/lib/ruby/gems/2.5.0/gems/chef-14.5.33/bin/chef-solo:24:in `<top (required)>'
/bin/chef-solo:293:in `load'
/bin/chef-solo:293:in `<main>'